Arguments: 
  /usr/local/bin/node /usr/local/bin/yarn serve

PATH: 
  /usr/local/opt/mysql@5.6/bin:/usr/local/bin:/usr/bin:/bin:/usr/sbin:/sbin:/usr/local/go/bin:/usr/local/MacGPG2/bin:/usr/local/munki:/Library/Frameworks/Mono.framework/Versions/Current/Commands:/Applications/Xamarin Workbooks.app/Contents/SharedSupport/path-bin:/usr/local/opt/mysql@5.6/bin:/Library/Tomcat/bin:/Library/Maven/bin:/usr/local/apache-ant-1.10.1/bin:/usr/local/gradle-4.2/bin:/Library/Wildfly/bin:/Library/Tomcat/bin:/Library/Maven/bin:/usr/local/apache-ant-1.10.1/bin:/usr/local/gradle-4.2/bin:/Library/Wildfly/bin

Yarn version: 
  1.5.1

Node version: 
  8.9.4

Platform: 
  darwin x64

npm manifest: 
  No manifest

yarn manifest: 
  No manifest

Lockfile: 
  No lockfile

Trace: 
  Error: Couldn't find a package.json file in "/Users/yadavdip/Projects/hh-reminder"
      at new MessageError (/usr/local/lib/node_modules/yarn/lib/cli.js:186:110)
      at /usr/local/lib/node_modules/yarn/lib/cli.js:40048:15
      at Generator.next (<anonymous>)
      at step (/usr/local/lib/node_modules/yarn/lib/cli.js:98:30)
      at /usr/local/lib/node_modules/yarn/lib/cli.js:109:13
      at <anonymous>
